[debug] [2022-08-07T04:42:40.084Z] ----------------------------------------------------------------------
[debug] [2022-08-07T04:42:40.087Z] Command:       C:\Program Files (x86)\nodejs\node.exe C:\Users\HP\AppData\Roaming\npm\node_modules\firebase-tools\lib\bin\firebase.js deploy
[debug] [2022-08-07T04:42:40.088Z] CLI Version:   11.4.2
[debug] [2022-08-07T04:42:40.088Z] Platform:      win32
[debug] [2022-08-07T04:42:40.088Z] Node Version:  v16.14.2
[debug] [2022-08-07T04:42:40.103Z] Time:          Sun Aug 07 2022 10:42:40 GMT+0600 (Bangladesh Standard Time)
[debug] [2022-08-07T04:42:40.104Z] ----------------------------------------------------------------------
[debug] 
[debug] [2022-08-07T04:42:40.109Z] >>> [apiv2][query] GET https://firebase-public.firebaseio.com/cli.json [none]
[debug] [2022-08-07T04:42:40.237Z] > command requires scopes: ["email","openid","https://www.googleapis.com/auth/cloudplatformprojects.readonly","https://www.googleapis.com/auth/firebase","https://www.googleapis.com/auth/cloud-platform"]
[debug] [2022-08-07T04:42:40.238Z] > authorizing via signed-in user (ashrafurrahman22@gmail.com)
[debug] [2022-08-07T04:42:40.238Z] [iam] checking project creative-agency-c7c35 for permissions ["firebase.projects.get","firebasehosting.sites.update"]
[debug] [2022-08-07T04:42:40.240Z] > refreshing access token with scopes: []
[debug] [2022-08-07T04:42:40.241Z] >>> [apiv2][query] POST https://www.googleapis.com/oauth2/v3/token [none]
[debug] [2022-08-07T04:42:40.241Z] >>> [apiv2][body] POST https://www.googleapis.com/oauth2/v3/token [omitted]
[debug] [2022-08-07T04:42:40.777Z] <<< [apiv2][status] POST https://www.googleapis.com/oauth2/v3/token 200
[debug] [2022-08-07T04:42:40.778Z] <<< [apiv2][body] POST https://www.googleapis.com/oauth2/v3/token [omitted]
[debug] [2022-08-07T04:42:40.803Z] >>> [apiv2][query] POST https://cloudresourcemanager.googleapis.com/v1/projects/creative-agency-c7c35:testIamPermissions [none]
[debug] [2022-08-07T04:42:40.803Z] >>> [apiv2][(partial)header] POST https://cloudresourcemanager.googleapis.com/v1/projects/creative-agency-c7c35:testIamPermissions x-goog-quota-user=projects/creative-agency-c7c35
[debug] [2022-08-07T04:42:40.803Z] >>> [apiv2][body] POST https://cloudresourcemanager.googleapis.com/v1/projects/creative-agency-c7c35:testIamPermissions {"permissions":["firebase.projects.get","firebasehosting.sites.update"]}
[debug] [2022-08-07T04:42:41.166Z] <<< [apiv2][status] GET https://firebase-public.firebaseio.com/cli.json 200
[debug] [2022-08-07T04:42:41.166Z] <<< [apiv2][body] GET https://firebase-public.firebaseio.com/cli.json {"cloudBuildErrorAfter":1594252800000,"cloudBuildWarnAfter":1590019200000,"defaultNode10After":1594252800000,"minVersion":"3.0.5","node8DeploysDisabledAfter":1613390400000,"node8RuntimeDisabledAfter":1615809600000,"node8WarnAfter":1600128000000}
[debug] [2022-08-07T04:42:42.243Z] <<< [apiv2][status] POST https://cloudresourcemanager.googleapis.com/v1/projects/creative-agency-c7c35:testIamPermissions 200
[debug] [2022-08-07T04:42:42.243Z] <<< [apiv2][body] POST https://cloudresourcemanager.googleapis.com/v1/projects/creative-agency-c7c35:testIamPermissions {"permissions":["firebase.projects.get","firebasehosting.sites.update"]}
[debug] [2022-08-07T04:42:42.247Z] >>> [apiv2][query] GET https://firebase.googleapis.com/v1beta1/projects/creative-agency-c7c35 [none]
[debug] [2022-08-07T04:42:43.134Z] <<< [apiv2][status] GET https://firebase.googleapis.com/v1beta1/projects/creative-agency-c7c35 200
[debug] [2022-08-07T04:42:43.134Z] <<< [apiv2][body] GET https://firebase.googleapis.com/v1beta1/projects/creative-agency-c7c35 {"projectId":"creative-agency-c7c35","projectNumber":"631685450615","displayName":"creative-agency","name":"projects/creative-agency-c7c35","resources":{"hostingSite":"creative-agency-c7c35"},"state":"ACTIVE","etag":"1_28798754-8507-43de-8076-b7f2d62354e6"}
[info] 
[info] === Deploying to 'creative-agency-c7c35'...
[info] 
[info] i  deploying hosting 
[debug] [2022-08-07T04:42:43.144Z] >>> [apiv2][query] GET https://firebase.googleapis.com/v1beta1/projects/creative-agency-c7c35 [none]
[debug] [2022-08-07T04:42:43.952Z] <<< [apiv2][status] GET https://firebase.googleapis.com/v1beta1/projects/creative-agency-c7c35 200
[debug] [2022-08-07T04:42:43.953Z] <<< [apiv2][body] GET https://firebase.googleapis.com/v1beta1/projects/creative-agency-c7c35 {"projectId":"creative-agency-c7c35","projectNumber":"631685450615","displayName":"creative-agency","name":"projects/creative-agency-c7c35","resources":{"hostingSite":"creative-agency-c7c35"},"state":"ACTIVE","etag":"1_28798754-8507-43de-8076-b7f2d62354e6"}
[debug] [2022-08-07T04:42:43.961Z] >>> [apiv2][query] POST https://firebasehosting.googleapis.com/v1beta1/projects/631685450615/sites/creative-agency-c7c35/versions [none]
[debug] [2022-08-07T04:42:43.961Z] >>> [apiv2][body] POST https://firebasehosting.googleapis.com/v1beta1/projects/631685450615/sites/creative-agency-c7c35/versions {"config":{"rewrites":[{"glob":"**","path":"/index.html"}]},"labels":{"deployment-tool":"cli-firebase"}}
[debug] [2022-08-07T04:42:45.880Z] <<< [apiv2][status] POST https://firebasehosting.googleapis.com/v1beta1/projects/631685450615/sites/creative-agency-c7c35/versions 200
[debug] [2022-08-07T04:42:45.881Z] <<< [apiv2][body] POST https://firebasehosting.googleapis.com/v1beta1/projects/631685450615/sites/creative-agency-c7c35/versions {"name":"projects/631685450615/sites/creative-agency-c7c35/versions/f9e29f08d0f76c7c","status":"CREATED","config":{"rewrites":[{"glob":"**","path":"/index.html"}]},"labels":{"deployment-tool":"cli-firebase"}}
[info] i  hosting[creative-agency-c7c35]: beginning deploy... 
[info] i  hosting[creative-agency-c7c35]: found 27 files in build 
[debug] [2022-08-07T04:42:45.926Z] [hosting] uploading with 200 concurrency
[debug] [2022-08-07T04:42:46.688Z] [hosting] hash cache [YnVpbGQ] stored for 27 files
[debug] [2022-08-07T04:42:46.689Z] [hosting][hash queue][FINAL] {"max":705,"min":5,"avg":193.1851851851852,"active":0,"complete":27,"success":27,"errored":0,"retried":0,"total":27,"elapsed":717}
[debug] [2022-08-07T04:42:46.690Z] >>> [apiv2][query] POST https://firebasehosting.googleapis.com/v1beta1/projects/631685450615/sites/creative-agency-c7c35/versions/f9e29f08d0f76c7c:populateFiles [none]
[debug] [2022-08-07T04:42:46.691Z] >>> [apiv2][body] POST https://firebasehosting.googleapis.com/v1beta1/projects/631685450615/sites/creative-agency-c7c35/versions/f9e29f08d0f76c7c:populateFiles {"files":{"/favicon.ico":"6a05e88c6153ada0801af6537654bce1abb8f7bd2dda52d1a6a6bccfb0110dbe","/logo192.png":"3ee59515172ee198f3be375979df15ac5345183e656720a381b8872b2a39dc8b","/logo512.png":"ee7e2f3fdb8209c4b6fd7bef6ba50d1b9dba30a25bb5c3126df057e1cb6f5331","/manifest.json":"aff3449bdc238776f5d6d967f19ec491b36aed5fb7f23ccff6500736fd58494a","/robots.txt":"bfe106a3fb878dc83461c86818bf74fc1bdc7f28538ba613cd3e775516ce8b49","/asset-manifest.json":"22ec5d6bfac7c2248fc0b58cfb74c5602542f8b33a945fac16713e2863f956c1","/index.html":"88ef5f975a1155f3446602ecd0dd34567de19e58c93478b9a514a22efc619096","/static/js/787.4985bee4.chunk.js":"e0b12f4022d09ab5c4b1f2303efbfb5a2048b300ee1ae23613186c20d7a8bdb6","/static/js/787.4985bee4.chunk.js.map":"c42ab778687cffe4aa819d6f9443705f202c333541bb5d5d0d443479d14b200b","/static/js/main.3db95558.js.LICENSE.txt":"9fc11873fb68a0e19709423431ebb205aac248d12e73c6085f3a48b78ca87394","/static/media/airbnb.f1c40bbc10bd1eab5e99.png":"a4d728246f1b6e97cdbff829750eb2ce35e2f3437189a43160da3701def71412","/static/css/main.9bc9f036.css.map":"3704e2148645e712ea5c9c0c1f815e2f8889be7d13107483cb47f6c528fab6bb","/data.json":"7a448ba38c879f58dd97104d59a8411e17483c4d72387728a91bb98e238c2631","/static/css/main.9bc9f036.css":"6f824d45e3c10cc5ed10936fa243cb2977692228624803e1ba88b36ee9893773","/static/media/google.1e6a334824935faffdef.png":"0ab1bfb58453bbf48ac10694f2a7627ad0c88b3f1e6d220bfab32e34a014b48b","/static/media/customer-3.6d81e7ffea1c01bfb8b1.png":"537a91e24483dd69323a22d13b30ad99535309b296a999a7a4793d184352c9e1","/static/media/logo.1a94a9b0c8b7edbd6667.png":"13a3b4e98879451e9869f06956bfbecab7d8fca991c2de2f745da1a6cfca21ae","/static/media/customer-2.f0ca442c7d88c6ccaa4c.png":"5c9ae2a7d3c68bcb7913a9d6481a072769771d39fa12188c409f6b4bbdcb4443","/static/media/customer-1.c0d0bcce7e66ed2e4fb9.png":"c9df2352ac863250097a0e184355d9389eb75bd3c42c0382f1ec7b8044a3bfa6","/static/js/main.3db95558.js":"d02aae41a0862f3ab081822098a7f61e637974ca7cc6c07867e387fc11c3e663","/static/media/Frame.33e98a43d45c0c82f896.png":"c6bbd97e1c842ae2ff1b933af611d7daa750ba45f7d4cd250112d87a27794ed6","/static/media/carousel-5.23f9212e744ee08d8131.png":"042ad54d243a38417a789e2bf504e52f856eaa4faba7273998c888b3cde3e816","/static/media/carousel-3.e93c87d7efee397792cf.png":"548bc0d6666635dc618d1faa2cda378ea296ea60082d7969b6a7462ab3eb47ea","/static/media/carousel-4.20ebe00f3b7874acb211.png":"c138f21645f9fa4c159d3b1193e998456fde35c44ed0c8fab93a50e746fb1aaf","/static/media/carousel-1.ded23d134f56783bbcfe.png":"5b41df73a31e587f62d72e3e1ab49df4b9069baa323427d6a00ec6c890fc926d","/static/media/carousel-2.27e6ed4bd6eb584b8b20.png":"7ee09040323f62b219cacb5b0143882cfb7a357df8869378da53e7e0c6a0a221","/static/js/main.3db95558.js.map":"0fe81068c82a07fabf0b60826e5945af7142b28dd4ecb01944e08bbc8bc9e31c"}}
